<?xml version="1.0" encoding="UTF-8"?>
<!-- Generated by org.testng.reporters.JUnitReportReporter -->
<testsuite skipped="0" hostname="DESKTOP-NFATJD6" name="test.LoginPageTest" tests="2" failures="0" timestamp="24 Oct 2021 04:58:56 GMT" time="10.475" errors="0">
  <testcase name="loginTest" time="5.429" classname="test.LoginPageTest"/>
  <testcase name="pageTitleTest" time="5.046" classname="test.LoginPageTest"/>
</testsuite> <!-- test.LoginPageTest -->
